Build started 4/27/2012 5:59:52 PM.
     1>Project "C:\Users\Joe\Documents\Visual Studio 2010\Projects\IK\4496p4\IK.vcxproj" on node 2 (build target(s)).
     1>InitializeBuildStatus:
         Touching "Debug\IK.unsuccessfulbuild".
       ClCompile:
         All outputs are up-to-date.
       ManifestResourceCompile:
         All outputs are up-to-date.
       Link:
         c:\Program Files (x86)\Microsoft Visual Studio 10.0\VC\bin\link.exe /ERRORREPORT:PROMPT /OUT:"C:\Users\Joe\Documents\Visual Studio 2010\Projects\IK\4496p4\Debug\IK.exe" /INCREMENTAL /NOLOGO /LIBPATH:"C:\Users\Joe\Documents\Visual Studio 2010\Projects\IK\4496p4\src\include\vl" /LIBPATH:"C:\Users\Joe\Documents\Visual Studio 2010\Projects\IK\4496p4\src\include" /LIBPATH:"C:\Users\Joe\Documents\Visual Studio 2010\Projects\IK\4496p4\src\include\cl" comctl32.lib glu32.lib opengl32.lib fltk.lib fltkgld.lib fltkforms.lib fltkgl.lib fltkimages.lib fltkjpeg.lib fltkpng.lib fltkzlib.lib README.lib kernel32.lib user32.lib gdi32.lib winspool.lib comdlg32.lib advapi32.lib shell32.lib ole32.lib oleaut32.lib uuid.lib odbc32.lib odbccp32.lib /MANIFEST /ManifestFile:"Debug\IK.exe.intermediate.manifest" /MANIFESTUAC:"level='asInvoker' uiAccess='false'" /DEBUG /PDB:"C:\Users\Joe\Documents\Visual Studio 2010\Projects\IK\4496p4\Debug\IK.pdb" /SUBSYSTEM:CONSOLE /TLBID:1 /DYNAMICBASE /NXCOMPAT /IMPLIB:"C:\Users\Joe\Documents\Visual Studio 2010\Projects\IK\4496p4\Debug\IK.lib" /MACHINE:X86 Debug\IK.exe.embed.manifest.res
         Debug\ArticulatedBody.obj
         Debug\C3dFileInfo.obj
         Debug\Command.obj
         Debug\Dof.obj
         Debug\GLPrimitives.obj
         Debug\Main.obj
         Debug\Marker.obj
         Debug\ModelParser.obj
         Debug\PhylterGLWindow.obj
         Debug\RealTimeIKui.obj
         Debug\RotateEuler.obj
         Debug\Scale.obj
         Debug\skel_scanner.obj
         Debug\Trackball.obj
         Debug\TransformNode.obj
         Debug\Translate.obj
         Debug\UICallback.obj
     1>LINK : fatal error LNK1104: cannot open file 'fltk.lib'
     1>Done Building Project "C:\Users\Joe\Documents\Visual Studio 2010\Projects\IK\4496p4\IK.vcxproj" (build target(s)) -- FAILED.

Build FAILED.

Time Elapsed 00:00:00.19
